  VisualModel.cpp
C:\Program_Environment\opencv3\install\include\opencv2/core/mat.hpp(1926): warning C4819: 该文件包含不能在当前代码页(936)中表示的字符。请将该文件保存为 Unicode 格式以防止数据丢失
C:\Program_Environment\opencv3\install\include\opencv2/core/persistence.hpp : warning C4819: 该文件包含不能在当前代码页(936)中表示的字符。请将该文件保存为 Unicode 格式以防止数据丢失
C:\Program_Environment\opencv3\install\include\opencv2/core/utility.hpp : warning C4819: 该文件包含不能在当前代码页(936)中表示的字符。请将该文件保存为 Unicode 格式以防止数据丢失
C:\Program_Environment\opencv3\install\include\opencv2/core/utility.hpp : warning C4819: 该文件包含不能在当前代码页(936)中表示的字符。请将该文件保存为 Unicode 格式以防止数据丢失
C:\Program_Environment\opencv3\install\include\opencv2/imgproc.hpp(617): warning C4819: 该文件包含不能在当前代码页(936)中表示的字符。请将该文件保存为 Unicode 格式以防止数据丢失
VisualModel.cpp(11): warning C4244: “参数”: 从“int”转换到“float”，可能丢失数据
VisualModel.cpp(12): warning C4244: “参数”: 从“int”转换到“float”，可能丢失数据
VisualModel.cpp(13): warning C4244: “参数”: 从“int”转换到“float”，可能丢失数据
VisualModel.cpp(24): warning C4244: “=”: 从“float”转换到“int”，可能丢失数据
VisualModel.cpp(27): warning C4244: “=”: 从“float”转换到“int”，可能丢失数据
VisualModel.cpp(30): warning C4244: “=”: 从“float”转换到“int”，可能丢失数据
VisualModel.cpp(33): warning C4244: “=”: 从“float”转换到“int”，可能丢失数据
VisualModel.cpp(44): warning C4244: “参数”: 从“int”转换到“float”，可能丢失数据
VisualModel.cpp(49): warning C4244: “初始化”: 从“float”转换到“int”，可能丢失数据
VisualModel.cpp(50): warning C4244: “初始化”: 从“float”转换到“int”，可能丢失数据
VisualModel.cpp(53): warning C4244: “参数”: 从“float”转换到“int”，可能丢失数据
VisualModel.cpp(60): warning C4018: “>=”: 有符号/无符号不匹配
  正在生成代码
  2 of 398 functions ( 0.5%) were compiled, the rest were copied from previous compilation.
    0 functions were new in current compilation
    5 functions had inline decision re-evaluated but remain unchanged
  已完成代码的生成
  Visualization.vcxproj -> E:\Github\DriveEnhance_Visualization\Visualization\x64\Release\Visualization.exe
  Visualization.vcxproj -> E:\Github\DriveEnhance_Visualization\Visualization\x64\Release\Visualization.pdb (Full PDB)
